<?xml version="1.0" encoding="UTF-8"?>
<!-- Generated by org.testng.reporters.JUnitReportReporter -->
<testsuite hostname="DESKTOP-3FBLGTP" failures="0" tests="2" name="com.testNG.Annotations" time="4.415" errors="0" timestamp="2025-08-14T17:25:09 IST" skipped="0">
  <testcase classname="com.testNG.Annotations" name="verifypage" time="1.477"/>
  <testcase classname="com.testNG.Annotations" name="LoginTest" time="2.938"/>
</testsuite> <!-- com.testNG.Annotations -->
