<?xml version="1.0" encoding="UTF-8"?>
<!-- Generated by org.testng.reporters.JUnitReportReporter -->
<testsuite hostname="DESKTOP-3FBLGTP" failures="0" tests="2" name="com.testNG.Annotations" time="5.201" errors="0" timestamp="2025-08-13T20:49:52 IST" skipped="0">
  <testcase classname="com.testNG.Annotations" name="verifypage" time="2.179"/>
  <testcase classname="com.testNG.Annotations" name="LoginTest" time="3.022"/>
</testsuite> <!-- com.testNG.Annotations -->
