<?xml version="1.0" encoding="UTF-8"?>
<!-- Generated by org.testng.reporters.JUnitReportReporter -->
<testsuite hostname="DESKTOP-3FBLGTP" failures="0" tests="1" name="DBTestWithSelenium" time="2.287" errors="0" timestamp="2025-08-19T16:16:08 IST" skipped="0">
  <testcase classname="DBTestWithSelenium" name="readDataAndTest" time="2.287"/>
</testsuite> <!-- DBTestWithSelenium -->
