<?xml version="1.0" encoding="UTF-8"?>
<!-- Generated by org.testng.reporters.JUnitReportReporter -->
<testsuite hostname="DESKTOP-3FBLGTP" failures="0" tests="1" name="com.tech.learn.Listener_Practice" time="0.038" errors="0" timestamp="2025-08-21T20:31:01 IST" skipped="0">
  <testcase classname="com.tech.learn.Listener_Practice" name="simpleTest" time="0.038"/>
</testsuite> <!-- com.tech.learn.Listener_Practice -->
