<?xml version="1.0" encoding="UTF-8"?>
<!-- Generated by org.testng.reporters.JUnitReportReporter -->
<testsuite hostname="DESKTOP-3FBLGTP" failures="0" tests="1" name="com.tech.learn.MyTest" time="0.034" errors="0" timestamp="2025-08-21T20:21:31 IST" skipped="0">
  <testcase classname="com.tech.learn.MyTest" name="sampleTest" time="0.034"/>
</testsuite> <!-- com.tech.learn.MyTest -->
