<?xml version="1.0" encoding="UTF-8"?>
<!-- Generated by org.testng.reporters.JUnitReportReporter -->
<testsuite hostname="DESKTOP-3FBLGTP" failures="0" tests="2" name="com.testNG2.Application" time="5.627" errors="0" timestamp="2025-08-13T21:01:50 IST" skipped="0">
  <testcase classname="com.testNG2.Application" name="launchGoogle" time="1.648"/>
  <testcase classname="com.testNG2.Application" name="registerNewUser" time="3.979"/>
</testsuite> <!-- com.testNG2.Application -->
