<?xml version="1.0" encoding="UTF-8"?>
<!-- Generated by org.testng.reporters.JUnitReportReporter -->
<testsuite hostname="DESKTOP-3FBLGTP" failures="0" tests="2" name="com.testNG2.Application" time="6.391" errors="0" timestamp="2025-08-15T20:32:24 IST" skipped="0">
  <testcase classname="com.testNG2.Application" name="launchGoogle" time="1.609"/>
  <testcase classname="com.testNG2.Application" name="registerNewUser" time="4.782"/>
</testsuite> <!-- com.testNG2.Application -->
